# JRE version: OpenJDK Runtime Environment Temurin-21.0.1+12 (21.0.1+12) (build 21.0.1+12-LTS)
# Java VM: OpenJDK 64-Bit Server VM Temurin-21.0.1+12 (21.0.1+12-LTS, mixed mode, sharing, tiered, compressed oops, compressed class ptrs, g1 gc, windows-amd64)
GC Precious Log:
 CardTable entry size: 512
 Card Set container configuration: InlinePtr #cards 4 size 8 Array Of Cards #cards 16 size 48 Howl #buckets 8 coarsen threshold 3686 Howl Bitmap #cards 512 size 80 coarsen threshold 460 Card regions per heap region 1 cards per card region 4096
 CPUs: 4 total, 4 available
 Memory: 3517M
 Large Page Support: Disabled
 NUMA Support: Disabled
 Compressed Oops: Enabled (Zero based)
 Heap Region Size: 2M
 Heap Min Capacity: 512M
 Heap Initial Capacity: 512M
 Heap Max Capacity: 4072M
 Pre-touch: Disabled
 Parallel Workers: 4
 Concurrent Workers: 1
 Concurrent Refinement Workers: 4
 Periodic GC: Disabled
 String Deduplication is enabled
Heap:
 garbage-first heap   total 524288K, used 67624K [0x0000000701800000, 0x0000000800000000)
  region size 2048K, 2 young (4096K), 0 survivors (0K)
 Metaspace       used 57109K, committed 57600K, reserved 1114112K
  class space    used 7520K, committed 7744K, reserved 1048576K
GC Heap History (18 events):
Event: 24.112 GC heap before
{Heap before GC invocations=0 (full 0):
 garbage-first heap   total 524288K, used 81920K [0x0000000701800000, 0x0000000800000000)
  region size 2048K, 40 young (81920K), 0 survivors (0K)
 Metaspace       used 8863K, committed 9024K, reserved 1114112K
  class space    used 699K, committed 768K, reserved 1048576K
}
Event: 24.193 GC heap after
{Heap after GC invocations=1 (full 0):
 garbage-first heap   total 524288K, used 20864K [0x0000000701800000, 0x0000000800000000)
  region size 2048K, 5 young (10240K), 5 survivors (10240K)
 Metaspace       used 8863K, committed 9024K, reserved 1114112K
  class space    used 699K, committed 768K, reserved 1048576K
}
Event: 28.065 GC heap before
{Heap before GC invocations=1 (full 0):
 garbage-first heap   total 524288K, used 102784K [0x0000000701800000, 0x0000000800000000)
  region size 2048K, 40 young (81920K), 5 survivors (10240K)
 Metaspace       used 18676K, committed 18944K, reserved 1114112K
  class space    used 1782K, committed 1920K, reserved 1048576K
}
Event: 28.110 GC heap after
{Heap after GC invocations=2 (full 0):
 garbage-first heap   total 524288K, used 38128K [0x0000000701800000, 0x0000000800000000)
  region size 2048K, 3 young (6144K), 3 survivors (6144K)
 Metaspace       used 18676K, committed 18944K, reserved 1114112K
  class space    used 1782K, committed 1920K, reserved 1048576K
}
Event: 29.750 GC heap before
{Heap before GC invocations=2 (full 0):
 garbage-first heap   total 524288K, used 56560K [0x0000000701800000, 0x0000000800000000)
  region size 2048K, 14 young (28672K), 3 survivors (6144K)
 Metaspace       used 21310K, committed 21504K, reserved 1114112K
  class space    used 2204K, committed 2304K, reserved 1048576K
}
Event: 29.757 GC heap after
{Heap after GC invocations=3 (full 0):
 garbage-first heap   total 524288K, used 26467K [0x0000000701800000, 0x0000000800000000)
  region size 2048K, 3 young (6144K), 3 survivors (6144K)
 Metaspace       used 21310K, committed 21504K, reserved 1114112K
  class space    used 2204K, committed 2304K, reserved 1048576K
}
Event: 41.879 GC heap before
{Heap before GC invocations=4 (full 0):
 garbage-first heap   total 524288K, used 132963K [0x0000000701800000, 0x0000000800000000)
  region size 2048K, 34 young (69632K), 3 survivors (6144K)
 Metaspace       used 36074K, committed 36288K, reserved 1114112K
  class space    used 4254K, committed 4352K, reserved 1048576K
}
Event: 41.893 GC heap after
{Heap after GC invocations=5 (full 0):
 garbage-first heap   total 524288K, used 49156K [0x0000000701800000, 0x0000000800000000)
  region size 2048K, 5 young (10240K), 5 survivors (10240K)
 Metaspace       used 36074K, committed 36288K, reserved 1114112K
  class space    used 4254K, committed 4352K, reserved 1048576K
}
Event: 41.939 GC heap before
{Heap before GC invocations=5 (full 0):
 garbage-first heap   total 524288K, used 49156K [0x0000000701800000, 0x0000000800000000)
  region size 2048K, 6 young (12288K), 5 survivors (10240K)
 Metaspace       used 36338K, committed 36608K, reserved 1114112K
  class space    used 4314K, committed 4480K, reserved 1048576K
}
Event: 41.947 GC heap after
{Heap after GC invocations=6 (full 0):
 garbage-first heap   total 524288K, used 46993K [0x0000000701800000, 0x0000000800000000)
  region size 2048K, 1 young (2048K), 1 survivors (2048K)
 Metaspace       used 36338K, committed 36608K, reserved 1114112K
  class space    used 4314K, committed 4480K, reserved 1048576K
}
Event: 42.106 GC heap before
{Heap before GC invocations=6 (full 0):
 garbage-first heap   total 524288K, used 46993K [0x0000000701800000, 0x0000000800000000)
  region size 2048K, 2 young (4096K), 1 survivors (2048K)
 Metaspace       used 36609K, committed 36928K, reserved 1114112K
  class space    used 4332K, committed 4480K, reserved 1048576K
}
Event: 42.109 GC heap after
{Heap after GC invocations=7 (full 0):
 garbage-first heap   total 524288K, used 46305K [0x0000000701800000, 0x0000000800000000)
  region size 2048K, 1 young (2048K), 1 survivors (2048K)
 Metaspace       used 36609K, committed 36928K, reserved 1114112K
  class space    used 4332K, committed 4480K, reserved 1048576K
}
Event: 54.184 GC heap before
{Heap before GC invocations=8 (full 0):
 garbage-first heap   total 524288K, used 124129K [0x0000000701800000, 0x0000000800000000)
  region size 2048K, 40 young (81920K), 1 survivors (2048K)
 Metaspace       used 48288K, committed 48704K, reserved 1114112K
  class space    used 6163K, committed 6400K, reserved 1048576K
}
Event: 54.199 GC heap after
{Heap after GC invocations=9 (full 0):
 garbage-first heap   total 524288K, used 57619K [0x0000000701800000, 0x0000000800000000)
  region size 2048K, 5 young (10240K), 5 survivors (10240K)
 Metaspace       used 48288K, committed 48704K, reserved 1114112K
  class space    used 6163K, committed 6400K, reserved 1048576K
}
Event: 58.759 GC heap before
{Heap before GC invocations=9 (full 0):
 garbage-first heap   total 524288K, used 129299K [0x0000000701800000, 0x0000000800000000)
  region size 2048K, 40 young (81920K), 5 survivors (10240K)
 Metaspace       used 53921K, committed 54272K, reserved 1114112K
  class space    used 7077K, committed 7232K, reserved 1048576K
}
Event: 58.782 GC heap after
{Heap after GC invocations=10 (full 0):
 garbage-first heap   total 524288K, used 63275K [0x0000000701800000, 0x0000000800000000)
  region size 2048K, 5 young (10240K), 5 survivors (10240K)
 Metaspace       used 53921K, committed 54272K, reserved 1114112K
  class space    used 7077K, committed 7232K, reserved 1048576K
}
Event: 63.982 GC heap before
{Heap before GC invocations=10 (full 0):
 garbage-first heap   total 524288K, used 96043K [0x0000000701800000, 0x0000000800000000)
  region size 2048K, 21 young (43008K), 5 survivors (10240K)
 Metaspace       used 57039K, committed 57536K, reserved 1114112K
  class space    used 7519K, committed 7744K, reserved 1048576K
}
Event: 64.073 GC heap after
{Heap after GC invocations=11 (full 1):
 garbage-first heap   total 524288K, used 65576K [0x0000000701800000, 0x0000000800000000)
  region size 2048K, 0 young (0K), 0 survivors (0K)
 Metaspace       used 57039K, committed 57536K, reserved 1114112K
  class space    used 7519K, committed 7744K, reserved 1048576K
}

